2025-11-27T09:00:46.093-05:00  INFO 3136 --- [SysRestaurante] [main] p.e.u.s.SysRestaurantApplicationTests    : Starting SysRestaurantApplicationTests using Java 25.0.1 with PID 3136 (started by TUF GAMING in D:\poo unidad 3\SysRestaurant\SysRestaurant)
2025-11-27T09:00:46.097-05:00  INFO 3136 --- [SysRestaurante] [main] p.e.u.s.SysRestaurantApplicationTests    : No active profile set, falling back to 1 default profile: "default"
2025-11-27T09:00:46.822-05:00  INFO 3136 --- [SysRestaurante] [main] .s.d.r.c.RepositoryConfigurationDelegate : Bootstrapping Spring Data JPA repositories in DEFAULT mode.
2025-11-27T09:00:46.897-05:00  INFO 3136 --- [SysRestaurante] [main] .s.d.r.c.RepositoryConfigurationDelegate : Finished Spring Data repository scanning in 67 ms. Found 7 JPA repository interfaces.
2025-11-27T09:00:47.327-05:00  INFO 3136 --- [SysRestaurante] [main] o.hibernate.jpa.internal.util.LogHelper  : HHH000204: Processing PersistenceUnitInfo [name: default]
2025-11-27T09:00:47.375-05:00  INFO 3136 --- [SysRestaurante] [main] org.hibernate.Version                    : HHH000412: Hibernate ORM core version 6.6.29.Final
2025-11-27T09:00:47.402-05:00  INFO 3136 --- [SysRestaurante] [main] o.h.c.internal.RegionFactoryInitiator    : HHH000026: Second-level cache disabled
2025-11-27T09:00:47.765-05:00  INFO 3136 --- [SysRestaurante] [main] o.s.o.j.p.SpringPersistenceUnitInfo      : No LoadTimeWeaver setup: ignoring JPA class transformer
2025-11-27T09:00:47.818-05:00  INFO 3136 --- [SysRestaurante] [main] com.zaxxer.hikari.HikariDataSource       : HikariPool-1 - Starting...
2025-11-27T09:00:47.955-05:00  INFO 3136 --- [SysRestaurante] [main] com.zaxxer.hikari.pool.HikariPool        : HikariPool-1 - Added connection org.sqlite.jdbc4.JDBC4Connection@56da96b3
2025-11-27T09:00:47.959-05:00  INFO 3136 --- [SysRestaurante] [main] com.zaxxer.hikari.HikariDataSource       : HikariPool-1 - Start completed.
2025-11-27T09:00:48.009-05:00  INFO 3136 --- [SysRestaurante] [main] org.hibernate.orm.connections.pooling    : HHH10001005: Database info:
	Database JDBC URL [Connecting through datasource 'HikariDataSource (HikariPool-1)']
	Database driver: undefined/unknown
	Database version: 3.46
	Autocommit mode: undefined/unknown
	Isolation level: undefined/unknown
	Minimum pool size: undefined/unknown
	Maximum pool size: undefined/unknown
2025-11-27T09:00:49.011-05:00  INFO 3136 --- [SysRestaurante] [main] o.h.e.t.j.p.i.JtaPlatformInitiator       : HHH000489: No JTA platform available (set 'hibernate.transaction.jta.platform' to enable JTA platform integration)
2025-11-27T09:00:49.055-05:00  INFO 3136 --- [SysRestaurante] [main] j.LocalContainerEntityManagerFactoryBean : Initialized JPA EntityManagerFactory for persistence unit 'default'
2025-11-27T09:00:49.388-05:00  INFO 3136 --- [SysRestaurante] [main] o.s.d.j.r.query.QueryEnhancerFactory     : Hibernate is in classpath; If applicable, HQL parser will be used.
2025-11-27T09:00:49.752-05:00  INFO 3136 --- [SysRestaurante] [main] p.e.u.s.SysRestaurantApplicationTests    : Started SysRestaurantApplicationTests in 3.997 seconds (process running for 5.002)
2025-11-27T09:00:50.124-05:00  INFO 3136 --- [SysRestaurante] [SpringApplicationShutdownHook] j.LocalContainerEntityManagerFactoryBean : Closing JPA EntityManagerFactory for persistence unit 'default'
2025-11-27T09:00:50.126-05:00  INFO 3136 --- [SysRestaurante] [SpringApplicationShutdownHook] com.zaxxer.hikari.HikariDataSource       : HikariPool-1 - Shutdown initiated...
2025-11-27T09:00:50.128-05:00  INFO 3136 --- [SysRestaurante] [SpringApplicationShutdownHook] com.zaxxer.hikari.HikariDataSource       : HikariPool-1 - Shutdown completed.
2025-11-27T09:02:02.504-05:00  INFO 8676 --- [SysRestaurante] [JavaFX-Launcher] o.s.boot.SpringApplication               : Starting application using Java 25.0.1 with PID 8676 (started by TUF GAMING in D:\poo unidad 3\SysRestaurant\SysRestaurant)
2025-11-27T09:02:02.508-05:00  INFO 8676 --- [SysRestaurante] [JavaFX-Launcher] o.s.boot.SpringApplication               : No active profile set, falling back to 1 default profile: "default"
2025-11-27T09:02:03.216-05:00  INFO 8676 --- [SysRestaurante] [JavaFX-Launcher] .s.d.r.c.RepositoryConfigurationDelegate : Bootstrapping Spring Data JPA repositories in DEFAULT mode.
2025-11-27T09:02:03.296-05:00  INFO 8676 --- [SysRestaurante] [JavaFX-Launcher] .s.d.r.c.RepositoryConfigurationDelegate : Finished Spring Data repository scanning in 70 ms. Found 7 JPA repository interfaces.
2025-11-27T09:02:03.689-05:00  INFO 8676 --- [SysRestaurante] [JavaFX-Launcher] o.hibernate.jpa.internal.util.LogHelper  : HHH000204: Processing PersistenceUnitInfo [name: default]
2025-11-27T09:02:03.742-05:00  INFO 8676 --- [SysRestaurante] [JavaFX-Launcher] org.hibernate.Version                    : HHH000412: Hibernate ORM core version 6.6.29.Final
2025-11-27T09:02:03.770-05:00  INFO 8676 --- [SysRestaurante] [JavaFX-Launcher] o.h.c.internal.RegionFactoryInitiator    : HHH000026: Second-level cache disabled
2025-11-27T09:02:04.014-05:00  INFO 8676 --- [SysRestaurante] [JavaFX-Launcher] o.s.o.j.p.SpringPersistenceUnitInfo      : No LoadTimeWeaver setup: ignoring JPA class transformer
2025-11-27T09:02:04.047-05:00  INFO 8676 --- [SysRestaurante] [JavaFX-Launcher] com.zaxxer.hikari.HikariDataSource       : HikariPool-1 - Starting...
2025-11-27T09:02:04.219-05:00  INFO 8676 --- [SysRestaurante] [JavaFX-Launcher] com.zaxxer.hikari.pool.HikariPool        : HikariPool-1 - Added connection org.sqlite.jdbc4.JDBC4Connection@7b739ed1
2025-11-27T09:02:04.221-05:00  INFO 8676 --- [SysRestaurante] [JavaFX-Launcher] com.zaxxer.hikari.HikariDataSource       : HikariPool-1 - Start completed.
2025-11-27T09:02:04.250-05:00  INFO 8676 --- [SysRestaurante] [JavaFX-Launcher] org.hibernate.orm.connections.pooling    : HHH10001005: Database info:
	Database JDBC URL [Connecting through datasource 'HikariDataSource (HikariPool-1)']
	Database driver: undefined/unknown
	Database version: 3.46
	Autocommit mode: undefined/unknown
	Isolation level: undefined/unknown
	Minimum pool size: undefined/unknown
	Maximum pool size: undefined/unknown
2025-11-27T09:02:05.191-05:00  INFO 8676 --- [SysRestaurante] [JavaFX-Launcher] o.h.e.t.j.p.i.JtaPlatformInitiator       : HHH000489: No JTA platform available (set 'hibernate.transaction.jta.platform' to enable JTA platform integration)
2025-11-27T09:02:05.228-05:00  INFO 8676 --- [SysRestaurante] [JavaFX-Launcher] j.LocalContainerEntityManagerFactoryBean : Initialized JPA EntityManagerFactory for persistence unit 'default'
2025-11-27T09:02:05.562-05:00  INFO 8676 --- [SysRestaurante] [JavaFX-Launcher] o.s.d.j.r.query.QueryEnhancerFactory     : Hibernate is in classpath; If applicable, HQL parser will be used.
2025-11-27T09:02:05.954-05:00  INFO 8676 --- [SysRestaurante] [JavaFX-Launcher] o.s.boot.SpringApplication               : Started application in 5.559 seconds (process running for 12.039)
2025-11-27T09:03:46.254-05:00  INFO 8676 --- [SysRestaurante] [SpringApplicationShutdownHook] j.LocalContainerEntityManagerFactoryBean : Closing JPA EntityManagerFactory for persistence unit 'default'
2025-11-27T09:03:46.262-05:00  INFO 8676 --- [SysRestaurante] [SpringApplicationShutdownHook] com.zaxxer.hikari.HikariDataSource       : HikariPool-1 - Shutdown initiated...
2025-11-27T09:03:46.277-05:00  INFO 8676 --- [SysRestaurante] [SpringApplicationShutdownHook] com.zaxxer.hikari.HikariDataSource       : HikariPool-1 - Shutdown completed.
2025-11-27T09:05:46.132-05:00  INFO 8904 --- [SysRestaurante] [JavaFX-Launcher] o.s.boot.SpringApplication               : Starting application using Java 24.0.1 with PID 8904 (started by TUF GAMING in D:\poo unidad 3\SysRestaurant\SysRestaurant)
2025-11-27T09:05:46.136-05:00  INFO 8904 --- [SysRestaurante] [JavaFX-Launcher] o.s.boot.SpringApplication               : No active profile set, falling back to 1 default profile: "default"
2025-11-27T09:05:46.777-05:00  INFO 8904 --- [SysRestaurante] [JavaFX-Launcher] .s.d.r.c.RepositoryConfigurationDelegate : Bootstrapping Spring Data JPA repositories in DEFAULT mode.
2025-11-27T09:05:46.854-05:00  INFO 8904 --- [SysRestaurante] [JavaFX-Launcher] .s.d.r.c.RepositoryConfigurationDelegate : Finished Spring Data repository scanning in 70 ms. Found 7 JPA repository interfaces.
2025-11-27T09:05:47.231-05:00  INFO 8904 --- [SysRestaurante] [JavaFX-Launcher] o.hibernate.jpa.internal.util.LogHelper  : HHH000204: Processing PersistenceUnitInfo [name: default]
2025-11-27T09:05:47.329-05:00  INFO 8904 --- [SysRestaurante] [JavaFX-Launcher] org.hibernate.Version                    : HHH000412: Hibernate ORM core version 6.6.29.Final
2025-11-27T09:05:47.403-05:00  INFO 8904 --- [SysRestaurante] [JavaFX-Launcher] o.h.c.internal.RegionFactoryInitiator    : HHH000026: Second-level cache disabled
2025-11-27T09:05:47.671-05:00  INFO 8904 --- [SysRestaurante] [JavaFX-Launcher] o.s.o.j.p.SpringPersistenceUnitInfo      : No LoadTimeWeaver setup: ignoring JPA class transformer
2025-11-27T09:05:47.701-05:00  INFO 8904 --- [SysRestaurante] [JavaFX-Launcher] com.zaxxer.hikari.HikariDataSource       : HikariPool-1 - Starting...
2025-11-27T09:05:48.048-05:00  INFO 8904 --- [SysRestaurante] [JavaFX-Launcher] com.zaxxer.hikari.pool.HikariPool        : HikariPool-1 - Added connection org.sqlite.jdbc4.JDBC4Connection@60144d4b
2025-11-27T09:05:48.050-05:00  INFO 8904 --- [SysRestaurante] [JavaFX-Launcher] com.zaxxer.hikari.HikariDataSource       : HikariPool-1 - Start completed.
2025-11-27T09:05:48.101-05:00  INFO 8904 --- [SysRestaurante] [JavaFX-Launcher] org.hibernate.orm.connections.pooling    : HHH10001005: Database info:
	Database JDBC URL [Connecting through datasource 'HikariDataSource (HikariPool-1)']
	Database driver: undefined/unknown
	Database version: 3.46
	Autocommit mode: undefined/unknown
	Isolation level: undefined/unknown
	Minimum pool size: undefined/unknown
	Maximum pool size: undefined/unknown
2025-11-27T09:05:48.997-05:00  INFO 8904 --- [SysRestaurante] [JavaFX-Launcher] o.h.e.t.j.p.i.JtaPlatformInitiator       : HHH000489: No JTA platform available (set 'hibernate.transaction.jta.platform' to enable JTA platform integration)
2025-11-27T09:05:49.034-05:00  INFO 8904 --- [SysRestaurante] [JavaFX-Launcher] j.LocalContainerEntityManagerFactoryBean : Initialized JPA EntityManagerFactory for persistence unit 'default'
2025-11-27T09:05:49.288-05:00  INFO 8904 --- [SysRestaurante] [JavaFX-Launcher] o.s.d.j.r.query.QueryEnhancerFactory     : Hibernate is in classpath; If applicable, HQL parser will be used.
2025-11-27T09:05:49.773-05:00  INFO 8904 --- [SysRestaurante] [JavaFX-Launcher] o.s.boot.SpringApplication               : Started application in 4.195 seconds (process running for 6.303)
2025-11-27T09:06:36.407-05:00  INFO 8904 --- [SysRestaurante] [SpringApplicationShutdownHook] j.LocalContainerEntityManagerFactoryBean : Closing JPA EntityManagerFactory for persistence unit 'default'
2025-11-27T09:06:36.410-05:00  INFO 8904 --- [SysRestaurante] [SpringApplicationShutdownHook] com.zaxxer.hikari.HikariDataSource       : HikariPool-1 - Shutdown initiated...
2025-11-27T09:06:36.412-05:00  INFO 8904 --- [SysRestaurante] [SpringApplicationShutdownHook] com.zaxxer.hikari.HikariDataSource       : HikariPool-1 - Shutdown completed.
2025-11-27T09:13:57.019-05:00  INFO 13580 --- [SysRestaurante] [JavaFX-Launcher] o.s.boot.SpringApplication               : Starting application using Java 24.0.1 with PID 13580 (started by TUF GAMING in D:\poo unidad 3\SysRestaurant\SysRestaurant)
2025-11-27T09:13:57.022-05:00  INFO 13580 --- [SysRestaurante] [JavaFX-Launcher] o.s.boot.SpringApplication               : No active profile set, falling back to 1 default profile: "default"
2025-11-27T09:13:57.690-05:00  INFO 13580 --- [SysRestaurante] [JavaFX-Launcher] .s.d.r.c.RepositoryConfigurationDelegate : Bootstrapping Spring Data JPA repositories in DEFAULT mode.
2025-11-27T09:13:57.760-05:00  INFO 13580 --- [SysRestaurante] [JavaFX-Launcher] .s.d.r.c.RepositoryConfigurationDelegate : Finished Spring Data repository scanning in 63 ms. Found 7 JPA repository interfaces.
2025-11-27T09:13:58.103-05:00  INFO 13580 --- [SysRestaurante] [JavaFX-Launcher] o.hibernate.jpa.internal.util.LogHelper  : HHH000204: Processing PersistenceUnitInfo [name: default]
2025-11-27T09:13:58.166-05:00  INFO 13580 --- [SysRestaurante] [JavaFX-Launcher] org.hibernate.Version                    : HHH000412: Hibernate ORM core version 6.6.29.Final
2025-11-27T09:13:58.202-05:00  INFO 13580 --- [SysRestaurante] [JavaFX-Launcher] o.h.c.internal.RegionFactoryInitiator    : HHH000026: Second-level cache disabled
2025-11-27T09:13:58.449-05:00  INFO 13580 --- [SysRestaurante] [JavaFX-Launcher] o.s.o.j.p.SpringPersistenceUnitInfo      : No LoadTimeWeaver setup: ignoring JPA class transformer
2025-11-27T09:13:58.495-05:00  INFO 13580 --- [SysRestaurante] [JavaFX-Launcher] com.zaxxer.hikari.HikariDataSource       : HikariPool-1 - Starting...
2025-11-27T09:13:58.757-05:00  INFO 13580 --- [SysRestaurante] [JavaFX-Launcher] com.zaxxer.hikari.pool.HikariPool        : HikariPool-1 - Added connection org.sqlite.jdbc4.JDBC4Connection@284d96e7
2025-11-27T09:13:58.758-05:00  INFO 13580 --- [SysRestaurante] [JavaFX-Launcher] com.zaxxer.hikari.HikariDataSource       : HikariPool-1 - Start completed.
2025-11-27T09:13:58.808-05:00  INFO 13580 --- [SysRestaurante] [JavaFX-Launcher] org.hibernate.orm.connections.pooling    : HHH10001005: Database info:
	Database JDBC URL [Connecting through datasource 'HikariDataSource (HikariPool-1)']
	Database driver: undefined/unknown
	Database version: 3.46
	Autocommit mode: undefined/unknown
	Isolation level: undefined/unknown
	Minimum pool size: undefined/unknown
	Maximum pool size: undefined/unknown
2025-11-27T09:13:59.725-05:00  INFO 13580 --- [SysRestaurante] [JavaFX-Launcher] o.h.e.t.j.p.i.JtaPlatformInitiator       : HHH000489: No JTA platform available (set 'hibernate.transaction.jta.platform' to enable JTA platform integration)
2025-11-27T09:13:59.759-05:00  INFO 13580 --- [SysRestaurante] [JavaFX-Launcher] j.LocalContainerEntityManagerFactoryBean : Initialized JPA EntityManagerFactory for persistence unit 'default'
2025-11-27T09:14:00.101-05:00  INFO 13580 --- [SysRestaurante] [JavaFX-Launcher] o.s.d.j.r.query.QueryEnhancerFactory     : Hibernate is in classpath; If applicable, HQL parser will be used.
2025-11-27T09:14:00.475-05:00  INFO 13580 --- [SysRestaurante] [JavaFX-Launcher] o.s.boot.SpringApplication               : Started application in 4.004 seconds (process running for 6.164)
2025-11-27T09:16:16.988-05:00  INFO 13580 --- [SysRestaurante] [SpringApplicationShutdownHook] j.LocalContainerEntityManagerFactoryBean : Closing JPA EntityManagerFactory for persistence unit 'default'
2025-11-27T09:16:16.990-05:00  INFO 13580 --- [SysRestaurante] [SpringApplicationShutdownHook] com.zaxxer.hikari.HikariDataSource       : HikariPool-1 - Shutdown initiated...
2025-11-27T09:16:17.006-05:00  INFO 13580 --- [SysRestaurante] [SpringApplicationShutdownHook] com.zaxxer.hikari.HikariDataSource       : HikariPool-1 - Shutdown completed.
2025-11-27T09:41:45.018-05:00  INFO 22060 --- [SysRestaurante] [JavaFX-Launcher] o.s.boot.SpringApplication               : Starting application using Java 24.0.1 with PID 22060 (started by TUF GAMING in D:\poo unidad 3\SysRestaurant\SysRestaurant)
2025-11-27T09:41:45.023-05:00  INFO 22060 --- [SysRestaurante] [JavaFX-Launcher] o.s.boot.SpringApplication               : No active profile set, falling back to 1 default profile: "default"
2025-11-27T09:41:45.900-05:00  INFO 22060 --- [SysRestaurante] [JavaFX-Launcher] .s.d.r.c.RepositoryConfigurationDelegate : Bootstrapping Spring Data JPA repositories in DEFAULT mode.
2025-11-27T09:41:45.985-05:00  INFO 22060 --- [SysRestaurante] [JavaFX-Launcher] .s.d.r.c.RepositoryConfigurationDelegate : Finished Spring Data repository scanning in 76 ms. Found 7 JPA repository interfaces.
2025-11-27T09:41:46.429-05:00  INFO 22060 --- [SysRestaurante] [JavaFX-Launcher] o.hibernate.jpa.internal.util.LogHelper  : HHH000204: Processing PersistenceUnitInfo [name: default]
2025-11-27T09:41:46.488-05:00  INFO 22060 --- [SysRestaurante] [JavaFX-Launcher] org.hibernate.Version                    : HHH000412: Hibernate ORM core version 6.6.29.Final
2025-11-27T09:41:46.524-05:00  INFO 22060 --- [SysRestaurante] [JavaFX-Launcher] o.h.c.internal.RegionFactoryInitiator    : HHH000026: Second-level cache disabled
2025-11-27T09:41:46.869-05:00  INFO 22060 --- [SysRestaurante] [JavaFX-Launcher] o.s.o.j.p.SpringPersistenceUnitInfo      : No LoadTimeWeaver setup: ignoring JPA class transformer
2025-11-27T09:41:46.898-05:00  INFO 22060 --- [SysRestaurante] [JavaFX-Launcher] com.zaxxer.hikari.HikariDataSource       : HikariPool-1 - Starting...
2025-11-27T09:41:47.245-05:00  INFO 22060 --- [SysRestaurante] [JavaFX-Launcher] com.zaxxer.hikari.pool.HikariPool        : HikariPool-1 - Added connection org.sqlite.jdbc4.JDBC4Connection@2f545216
2025-11-27T09:41:47.248-05:00  INFO 22060 --- [SysRestaurante] [JavaFX-Launcher] com.zaxxer.hikari.HikariDataSource       : HikariPool-1 - Start completed.
2025-11-27T09:41:47.304-05:00  INFO 22060 --- [SysRestaurante] [JavaFX-Launcher] org.hibernate.orm.connections.pooling    : HHH10001005: Database info:
	Database JDBC URL [Connecting through datasource 'HikariDataSource (HikariPool-1)']
	Database driver: undefined/unknown
	Database version: 3.46
	Autocommit mode: undefined/unknown
	Isolation level: undefined/unknown
	Minimum pool size: undefined/unknown
	Maximum pool size: undefined/unknown
2025-11-27T09:41:48.369-05:00  INFO 22060 --- [SysRestaurante] [JavaFX-Launcher] o.h.e.t.j.p.i.JtaPlatformInitiator       : HHH000489: No JTA platform available (set 'hibernate.transaction.jta.platform' to enable JTA platform integration)
2025-11-27T09:41:48.413-05:00  INFO 22060 --- [SysRestaurante] [JavaFX-Launcher] j.LocalContainerEntityManagerFactoryBean : Initialized JPA EntityManagerFactory for persistence unit 'default'
2025-11-27T09:41:48.699-05:00  INFO 22060 --- [SysRestaurante] [JavaFX-Launcher] o.s.d.j.r.query.QueryEnhancerFactory     : Hibernate is in classpath; If applicable, HQL parser will be used.
2025-11-27T09:41:49.323-05:00  INFO 22060 --- [SysRestaurante] [JavaFX-Launcher] o.s.boot.SpringApplication               : Started application in 4.912 seconds (process running for 7.102)
2025-11-27T09:46:46.375-05:00  INFO 22060 --- [SysRestaurante] [SpringApplicationShutdownHook] j.LocalContainerEntityManagerFactoryBean : Closing JPA EntityManagerFactory for persistence unit 'default'
2025-11-27T09:46:46.380-05:00  INFO 22060 --- [SysRestaurante] [SpringApplicationShutdownHook] com.zaxxer.hikari.HikariDataSource       : HikariPool-1 - Shutdown initiated...
2025-11-27T09:46:46.387-05:00  INFO 22060 --- [SysRestaurante] [SpringApplicationShutdownHook] com.zaxxer.hikari.HikariDataSource       : HikariPool-1 - Shutdown completed.
